# JRE version: OpenJDK Runtime Environment Temurin-17.0.14+7 (17.0.14+7) (build 17.0.14+7)
# Java VM: OpenJDK 64-Bit Server VM Temurin-17.0.14+7 (17.0.14+7, mixed mode, sharing, tiered, compressed oops, compressed class ptrs, g1 gc, windows-amd64)
GC Precious Log:
 CPUs: 12 total, 12 available
 Memory: 16068M
 Large Page Support: Disabled
 NUMA Support: Disabled
 Compressed Oops: Enabled (Zero based)
 Heap Region Size: 2M
 Heap Min Capacity: 8M
 Heap Initial Capacity: 252M
 Heap Max Capacity: 4018M
 Pre-touch: Disabled
 Parallel Workers: 10
 Concurrent Workers: 3
 Concurrent Refinement Workers: 10
 Periodic GC: Disabled
Heap:
 garbage-first heap   total 100352K, used 60291K [0x0000000704e00000, 0x0000000800000000)
  region size 2048K, 9 young (18432K), 1 survivors (2048K)
 Metaspace       used 38532K, committed 38784K, reserved 1114112K
  class space    used 4752K, committed 4864K, reserved 1048576K
GC Heap History (14 events):
Event: 1.336 GC heap before
{Heap before GC invocations=0 (full 0):
 garbage-first heap   total 258048K, used 24576K [0x0000000704e00000, 0x0000000800000000)
  region size 2048K, 11 young (22528K), 0 survivors (0K)
 Metaspace       used 6484K, committed 6656K, reserved 1114112K
  class space    used 649K, committed 704K, reserved 1048576K
}
Event: 1.341 GC heap after
{Heap after GC invocations=1 (full 0):
 garbage-first heap   total 258048K, used 7410K [0x0000000704e00000, 0x0000000800000000)
  region size 2048K, 2 young (4096K), 2 survivors (4096K)
 Metaspace       used 6484K, committed 6656K, reserved 1114112K
  class space    used 649K, committed 704K, reserved 1048576K
}
Event: 2.732 GC heap before
{Heap before GC invocations=1 (full 0):
 garbage-first heap   total 258048K, used 42226K [0x0000000704e00000, 0x0000000800000000)
  region size 2048K, 19 young (38912K), 2 survivors (4096K)
 Metaspace       used 16013K, committed 16256K, reserved 1114112K
  class space    used 1810K, committed 1920K, reserved 1048576K
}
Event: 2.737 GC heap after
{Heap after GC invocations=2 (full 0):
 garbage-first heap   total 258048K, used 8829K [0x0000000704e00000, 0x0000000800000000)
  region size 2048K, 3 young (6144K), 3 survivors (6144K)
 Metaspace       used 16013K, committed 16256K, reserved 1114112K
  class space    used 1810K, committed 1920K, reserved 1048576K
}
Event: 7.433 GC heap before
{Heap before GC invocations=2 (full 0):
 garbage-first heap   total 258048K, used 92797K [0x0000000704e00000, 0x0000000800000000)
  region size 2048K, 41 young (83968K), 3 survivors (6144K)
 Metaspace       used 21266K, committed 21504K, reserved 1114112K
  class space    used 2711K, committed 2816K, reserved 1048576K
}
Event: 7.455 GC heap after
{Heap after GC invocations=3 (full 0):
 garbage-first heap   total 258048K, used 25100K [0x0000000704e00000, 0x0000000800000000)
  region size 2048K, 10 young (20480K), 10 survivors (20480K)
 Metaspace       used 21266K, committed 21504K, reserved 1114112K
  class space    used 2711K, committed 2816K, reserved 1048576K
}
Event: 8.997 GC heap before
{Heap before GC invocations=4 (full 0):
 garbage-first heap   total 96256K, used 70156K [0x0000000704e00000, 0x0000000800000000)
  region size 2048K, 28 young (57344K), 10 survivors (20480K)
 Metaspace       used 27906K, committed 28160K, reserved 1114112K
  class space    used 3639K, committed 3776K, reserved 1048576K
}
Event: 9.028 GC heap after
{Heap after GC invocations=5 (full 0):
 garbage-first heap   total 100352K, used 41334K [0x0000000704e00000, 0x0000000800000000)
  region size 2048K, 4 young (8192K), 4 survivors (8192K)
 Metaspace       used 27906K, committed 28160K, reserved 1114112K
  class space    used 3639K, committed 3776K, reserved 1048576K
}
Event: 9.095 GC heap before
{Heap before GC invocations=5 (full 0):
 garbage-first heap   total 100352K, used 43382K [0x0000000704e00000, 0x0000000800000000)
  region size 2048K, 5 young (10240K), 4 survivors (8192K)
 Metaspace       used 28252K, committed 28480K, reserved 1114112K
  class space    used 3685K, committed 3776K, reserved 1048576K
}
Event: 9.099 GC heap after
{Heap after GC invocations=6 (full 0):
 garbage-first heap   total 100352K, used 43256K [0x0000000704e00000, 0x0000000800000000)
  region size 2048K, 1 young (2048K), 1 survivors (2048K)
 Metaspace       used 28252K, committed 28480K, reserved 1114112K
  class space    used 3685K, committed 3776K, reserved 1048576K
}
Event: 10.917 GC heap before
{Heap before GC invocations=6 (full 0):
 garbage-first heap   total 100352K, used 69880K [0x0000000704e00000, 0x0000000800000000)
  region size 2048K, 15 young (30720K), 1 survivors (2048K)
 Metaspace       used 34116K, committed 34368K, reserved 1114112K
  class space    used 4231K, committed 4352K, reserved 1048576K
}
Event: 10.922 GC heap after
{Heap after GC invocations=7 (full 0):
 garbage-first heap   total 100352K, used 44701K [0x0000000704e00000, 0x0000000800000000)
  region size 2048K, 2 young (4096K), 2 survivors (4096K)
 Metaspace       used 34116K, committed 34368K, reserved 1114112K
  class space    used 4231K, committed 4352K, reserved 1048576K
}
Event: 11.262 GC heap before
{Heap before GC invocations=7 (full 0):
 garbage-first heap   total 100352K, used 50845K [0x0000000704e00000, 0x0000000800000000)
  region size 2048K, 6 young (12288K), 2 survivors (4096K)
 Metaspace       used 35740K, committed 35968K, reserved 1114112K
  class space    used 4390K, committed 4480K, reserved 1048576K
}
Event: 11.268 GC heap after
{Heap after GC invocations=8 (full 0):
 garbage-first heap   total 100352K, used 45955K [0x0000000704e00000, 0x0000000800000000)
  region size 2048K, 1 young (2048K), 1 survivors (2048K)
 Metaspace       used 35740K, committed 35968K, reserved 1114112K
  class space    used 4390K, committed 4480K, reserved 1048576K
}

